Base path: C:/Program Files (x86)/Unity/Editor/Data
Pipe name: \\.\pipe\UnityShaderCompiler-5-7008
Cmd: getPlatforms
Cmd: compileSnippet
  api=0 type=0 insize=3359 outsize=743 kw=WATER_REFRACTIVE ok=1
Cmd: compileSnippet
  api=0 type=1 insize=10605 outsize=6 kw= ok=1
Cmd: compileSnippet
  api=0 type=1 insize=10628 outsize=6 kw= ok=1
Cmd: compileSnippet
  api=0 type=1 insize=10627 outsize=6 kw= ok=1
Cmd: compileSnippet
  api=4 type=1 insize=3359 outsize=2566 kw=WATER_REFLECTIVE ok=1
Cmd: compileSnippet
  api=4 type=1 insize=3359 outsize=2225 kw=WATER_SIMPLE ok=1
Cmd: compileSnippet
  api=1 type=0 insize=2298 outsize=204 kw= ok=1
Cmd: compileSnippet
  api=1 type=0 insize=2803 outsize=204 kw= ok=1
Cmd: compileSnippet
  api=1 type=0 insize=3079 outsize=169 kw= ok=1
Cmd: compileSnippet
  api=1 type=0 insize=2019 outsize=249 kw= ok=1
Cmd: compileSnippet
  api=8 type=0 insize=1171 outsize=2454 kw= ok=1
Cmd: compileSnippet
  api=1 type=0 insize=10220 outsize=2620 kw=WATER_VERTEX_DISPLACEMENT_ON WATER_EDGEBLEND_ON WATER_REFLECTIVE ok=1
Cmd: compileSnippet
  api=1 type=0 insize=10220 outsize=627 kw=WATER_EDGEBLEND_ON WATER_REFLECTIVE WATER_VERTEX_DISPLACEMENT_OFF ok=1
Cmd: compileSnippet
  api=4 type=0 insize=10220 outsize=2720 kw=WATER_SIMPLE WATER_EDGEBLEND_OFF WATER_VERTEX_DISPLACEMENT_OFF ok=1
Cmd: compileSnippet
  api=0 type=1 insize=10220 outsize=6 kw=WATER_VERTEX_DISPLACEMENT_ON WATER_REFLECTIVE WATER_EDGEBLEND_OFF ok=1
Cmd: compileSnippet
  api=0 type=1 insize=10220 outsize=6 kw=WATER_EDGEBLEND_ON WATER_REFLECTIVE WATER_VERTEX_DISPLACEMENT_OFF ok=1
Cmd: compileSnippet
  api=1 type=1 insize=10220 outsize=1505 kw=WATER_REFLECTIVE WATER_EDGEBLEND_OFF WATER_VERTEX_DISPLACEMENT_OFF ok=1
Cmd: compileSnippet
  api=0 type=0 insize=10224 outsize=4889 kw=WATER_VERTEX_DISPLACEMENT_ON WATER_EDGEBLEND_ON WATER_SIMPLE ok=1
Cmd: compileSnippet
  api=1 type=0 insize=10224 outsize=484 kw=WATER_EDGEBLEND_ON WATER_SIMPLE WATER_VERTEX_DISPLACEMENT_OFF ok=1
Cmd: compileSnippet
  api=0 type=0 insize=10224 outsize=2581 kw=WATER_REFLECTIVE WATER_EDGEBLEND_OFF WATER_VERTEX_DISPLACEMENT_OFF ok=1
Cmd: compileSnippet
  api=0 type=1 insize=10224 outsize=6 kw=WATER_VERTEX_DISPLACEMENT_ON WATER_REFLECTIVE WATER_EDGEBLEND_OFF ok=1
Cmd: compileSnippet
  api=4 type=1 insize=10224 outsize=3305 kw=WATER_VERTEX_DISPLACEMENT_ON WATER_SIMPLE WATER_EDGEBLEND_OFF ok=1
Cmd: compileSnippet
  api=0 type=1 insize=10224 outsize=6 kw=WATER_SIMPLE WATER_EDGEBLEND_OFF WATER_VERTEX_DISPLACEMENT_OFF ok=1
Cmd: compileSnippet
  api=0 type=0 insize=1987 outsize=375 kw= ok=1
Cmd: compileSnippet
  api=8 type=1 insize=1985 outsize=1325 kw= ok=1
Cmd: compileSnippet
  api=0 type=1 insize=1998 outsize=402 kw= ok=1
Cmd: compileSnippet
  api=1 type=1 insize=975 outsize=249 kw= ok=1
Cmd: compileSnippet
  api=0 type=1 insize=32668 outsize=6 kw= ok=1
Cmd: compileSnippet
  api=1 type=1 insize=19335 outsize=325 kw= ok=1
Cmd: compileSnippet
  api=1 type=1 insize=19342 outsize=1097 kw= ok=1
Cmd: compileSnippet
  api=1 type=1 insize=19346 outsize=2401 kw= ok=1
Cmd: compileSnippet
  api=1 type=1 insize=19328 outsize=750 kw= ok=1
Cmd: compileSnippet
  api=1 type=1 insize=19339 outsize=700 kw= ok=1
Cmd: compileSnippet
  api=1 type=1 insize=19335 outsize=151 kw= ok=1
Cmd: compileSnippet
  api=1 type=1 insize=19345 outsize=323 kw= ok=1
Cmd: compileSnippet
  api=1 type=1 insize=19338 outsize=242 kw= ok=1
Cmd: compileSnippet
  api=1 type=1 insize=19345 outsize=438 kw= ok=1
Cmd: compileSnippet
  api=1 type=1 insize=19333 outsize=9343 kw= ok=1
Cmd: compileSnippet
  api=1 type=1 insize=19342 outsize=3693 kw= ok=1
Cmd: compileSnippet
  api=1 type=1 insize=19329 outsize=353 kw= ok=1
Cmd: compileSnippet
  api=1 type=1 insize=19344 outsize=222 kw= ok=1
Cmd: compileSnippet
  api=0 type=1 insize=19327 outsize=6 kw= ok=1
Cmd: compileSnippet
  api=0 type=0 insize=1749 outsize=671 kw= ok=1
Cmd: compileSnippet
  api=1 type=1 insize=5699 outsize=4331 kw= ok=1
Cmd: compileSnippet
  api=0 type=1 insize=32678 outsize=6 kw= ok=1
Cmd: compileSnippet
  api=0 type=1 insize=3862 outsize=6 kw= ok=1
Cmd: compileSnippet
  api=0 type=1 insize=6851 outsize=6 kw= ok=1
Cmd: compileSnippet
  api=1 type=1 insize=3350 outsize=467 kw= ok=1
Cmd: compileSnippet
  api=1 type=1 insize=912 outsize=77 kw= ok=1
Cmd: compileSnippet
  api=8 type=0 insize=721 outsize=1438 kw= ok=1
Unhandled exception: Readfile from pipe failed. GLE=The pipe has been ended.


Quitting shader compiler process
