Base path: C:/Program Files (x86)/Unity/Editor/Data
Pipe name: \\.\pipe\UnityShaderCompiler-8-11320
Cmd: getPlatforms
Cmd: compileSnippet
  api=8 type=0 insize=3359 outsize=3072 kw=WATER_REFLECTIVE ok=1
Cmd: compileSnippet
  api=0 type=0 insize=1002 outsize=328 kw= ok=1
Cmd: compileSnippet
  api=8 type=1 insize=3359 outsize=4347 kw=WATER_REFRACTIVE ok=1
Cmd: compileSnippet
  api=0 type=1 insize=3079 outsize=3794 kw= ok=1
Cmd: compileSnippet
  api=0 type=1 insize=2019 outsize=304 kw= ok=1
Cmd: compileSnippet
  api=0 type=1 insize=1171 outsize=466 kw= ok=1
Cmd: compileSnippet
  api=1 type=0 insize=10220 outsize=2620 kw=WATER_VERTEX_DISPLACEMENT_ON WATER_REFLECTIVE WATER_EDGEBLEND_OFF ok=1
Cmd: compileSnippet
  api=4 type=0 insize=10220 outsize=5369 kw=WATER_VERTEX_DISPLACEMENT_ON WATER_SIMPLE WATER_EDGEBLEND_OFF ok=1
Cmd: compileSnippet
  api=0 type=0 insize=10220 outsize=3128 kw=WATER_SIMPLE WATER_EDGEBLEND_OFF WATER_VERTEX_DISPLACEMENT_OFF ok=1
Cmd: compileSnippet
  api=1 type=1 insize=10220 outsize=1728 kw=WATER_VERTEX_DISPLACEMENT_ON WATER_EDGEBLEND_ON WATER_SIMPLE ok=1
Cmd: compileSnippet
  api=1 type=1 insize=10220 outsize=1826 kw=WATER_EDGEBLEND_ON WATER_REFLECTIVE WATER_VERTEX_DISPLACEMENT_OFF ok=1
Cmd: compileSnippet
  api=1 type=0 insize=10224 outsize=2463 kw=WATER_VERTEX_DISPLACEMENT_ON WATER_EDGEBLEND_ON WATER_REFLECTIVE ok=1
Cmd: compileSnippet
  api=1 type=0 insize=10224 outsize=2463 kw=WATER_VERTEX_DISPLACEMENT_ON WATER_SIMPLE WATER_EDGEBLEND_OFF ok=1
Cmd: compileSnippet
  api=0 type=0 insize=10224 outsize=2322 kw=WATER_SIMPLE WATER_EDGEBLEND_OFF WATER_VERTEX_DISPLACEMENT_OFF ok=1
Cmd: compileSnippet
  api=4 type=1 insize=10224 outsize=3907 kw=WATER_VERTEX_DISPLACEMENT_ON WATER_EDGEBLEND_ON WATER_SIMPLE ok=1
Cmd: compileSnippet
  api=0 type=1 insize=10224 outsize=6 kw=WATER_EDGEBLEND_ON WATER_SIMPLE WATER_VERTEX_DISPLACEMENT_OFF ok=1
Cmd: compileSnippet
  api=4 type=1 insize=10224 outsize=3907 kw=WATER_REFLECTIVE WATER_EDGEBLEND_OFF WATER_VERTEX_DISPLACEMENT_OFF ok=1
Cmd: compileSnippet
  api=0 type=1 insize=9966 outsize=1094 kw= ok=1
Cmd: compileSnippet
  api=1 type=1 insize=1987 outsize=206 kw= ok=1
Cmd: compileSnippet
  api=8 type=0 insize=1985 outsize=2023 kw= ok=1
Cmd: compileSnippet
  api=8 type=1 insize=1998 outsize=1893 kw= ok=1
Cmd: compileSnippet
  api=0 type=1 insize=1996 outsize=213 kw= ok=1
Cmd: compileSnippet
  api=0 type=1 insize=975 outsize=366 kw= ok=1
Cmd: compileSnippet
  api=1 type=0 insize=19346 outsize=595 kw= ok=1
Cmd: compileSnippet
  api=1 type=0 insize=19325 outsize=318 kw= ok=1
Cmd: compileSnippet
  api=1 type=0 insize=19341 outsize=318 kw= ok=1
Cmd: compileSnippet
  api=0 type=0 insize=19328 outsize=1652 kw= ok=1
Cmd: compileSnippet
  api=0 type=1 insize=19334 outsize=6 kw= ok=1
Cmd: compileSnippet
  api=0 type=0 insize=19333 outsize=1652 kw= ok=1
Cmd: compileSnippet
  api=1 type=0 insize=19350 outsize=318 kw= ok=1
Cmd: compileSnippet
  api=1 type=0 insize=1749 outsize=339 kw= ok=1
Cmd: compileSnippet
  api=0 type=0 insize=5703 outsize=452 kw= ok=1
Cmd: compileSnippet
  api=1 type=0 insize=5703 outsize=318 kw= ok=1
Cmd: compileSnippet
  api=0 type=0 insize=5697 outsize=2686 kw= ok=1
Cmd: compileSnippet
  api=1 type=0 insize=5696 outsize=318 kw= ok=1
Cmd: compileSnippet
  api=1 type=0 insize=5699 outsize=318 kw= ok=1
Cmd: compileSnippet
  api=0 type=0 insize=5699 outsize=2850 kw= ok=1
Cmd: compileSnippet
  api=0 type=0 insize=32678 outsize=8819 kw= ok=1
Cmd: compileSnippet
  api=0 type=0 insize=3862 outsize=3861 kw= ok=1
Cmd: compileSnippet
  api=1 type=1 insize=4192 outsize=1043 kw= ok=1
Cmd: compileSnippet
  api=0 type=1 insize=4197 outsize=6 kw= ok=1
Cmd: compileSnippet
  api=1 type=1 insize=3341 outsize=329 kw= ok=1
Cmd: compileSnippet
  api=0 type=1 insize=3350 outsize=729 kw= ok=1
Cmd: compileSnippet
  api=1 type=1 insize=3345 outsize=464 kw= ok=1
Unhandled exception: Readfile from pipe failed. GLE=The pipe has been ended.


Quitting shader compiler process
