Base path: C:/Program Files (x86)/Unity/Editor/Data
Pipe name: \\.\pipe\UnityShaderCompiler-6-10424
Cmd: getPlatforms
Cmd: compileSnippet
  api=0 type=0 insize=3359 outsize=636 kw=WATER_SIMPLE ok=1
Cmd: compileSnippet
  api=0 type=0 insize=10605 outsize=856 kw= ok=1
Cmd: compileSnippet
  api=8 type=0 insize=1002 outsize=1438 kw= ok=1
Cmd: compileSnippet
  api=0 type=1 insize=3359 outsize=944 kw=WATER_REFLECTIVE ok=1
Cmd: compileSnippet
  api=0 type=0 insize=2033 outsize=425 kw= ok=1
Cmd: compileSnippet
  api=0 type=0 insize=2298 outsize=425 kw= ok=1
Cmd: compileSnippet
  api=0 type=0 insize=2803 outsize=425 kw= ok=1
Cmd: compileSnippet
  api=1 type=1 insize=2019 outsize=160 kw= ok=1
Cmd: compileSnippet
  api=4 type=0 insize=10220 outsize=5369 kw=WATER_VERTEX_DISPLACEMENT_ON WATER_REFLECTIVE WATER_EDGEBLEND_OFF ok=1
Cmd: compileSnippet
  api=0 type=0 insize=10220 outsize=4140 kw=WATER_EDGEBLEND_ON WATER_REFLECTIVE WATER_VERTEX_DISPLACEMENT_OFF ok=1
Cmd: compileSnippet
  api=1 type=1 insize=10220 outsize=1826 kw=WATER_VERTEX_DISPLACEMENT_ON WATER_EDGEBLEND_ON WATER_REFLECTIVE ok=1
Cmd: compileSnippet
  api=0 type=1 insize=10220 outsize=6 kw=WATER_EDGEBLEND_ON WATER_SIMPLE WATER_VERTEX_DISPLACEMENT_OFF ok=1
Cmd: compileSnippet
  api=4 type=1 insize=10220 outsize=4337 kw=WATER_SIMPLE WATER_EDGEBLEND_OFF WATER_VERTEX_DISPLACEMENT_OFF ok=1
Cmd: compileSnippet
  api=1 type=0 insize=10224 outsize=2463 kw=WATER_VERTEX_DISPLACEMENT_ON WATER_EDGEBLEND_ON WATER_SIMPLE ok=1
Cmd: compileSnippet
  api=0 type=0 insize=10224 outsize=2850 kw=WATER_EDGEBLEND_ON WATER_REFLECTIVE WATER_VERTEX_DISPLACEMENT_OFF ok=1
Cmd: compileSnippet
  api=4 type=0 insize=10224 outsize=2330 kw=WATER_SIMPLE WATER_EDGEBLEND_OFF WATER_VERTEX_DISPLACEMENT_OFF ok=1
Cmd: compileSnippet
  api=1 type=1 insize=10224 outsize=1184 kw=WATER_VERTEX_DISPLACEMENT_ON WATER_REFLECTIVE WATER_EDGEBLEND_OFF ok=1
Cmd: compileSnippet
  api=0 type=1 insize=10224 outsize=6 kw=WATER_EDGEBLEND_ON WATER_REFLECTIVE WATER_VERTEX_DISPLACEMENT_OFF ok=1
Cmd: compileSnippet
  api=1 type=1 insize=10224 outsize=1184 kw=WATER_REFLECTIVE WATER_EDGEBLEND_OFF WATER_VERTEX_DISPLACEMENT_OFF ok=1
Cmd: compileSnippet
  api=8 type=0 insize=1987 outsize=2023 kw= ok=1
Cmd: compileSnippet
  api=1 type=0 insize=1985 outsize=335 kw= ok=1
Cmd: compileSnippet
  api=1 type=0 insize=1998 outsize=329 kw= ok=1
Cmd: compileSnippet
  api=1 type=0 insize=1996 outsize=335 kw= ok=1
Cmd: compileSnippet
  api=0 type=0 insize=975 outsize=328 kw= ok=1
Cmd: compileSnippet
  api=8 type=1 insize=1702 outsize=3600 kw= ok=1
Cmd: compileSnippet
  api=0 type=1 insize=19335 outsize=6 kw= ok=1
Cmd: compileSnippet
  api=0 type=1 insize=19342 outsize=6 kw= ok=1
Cmd: compileSnippet
  api=0 type=1 insize=19346 outsize=6 kw= ok=1
Cmd: compileSnippet
  api=1 type=1 insize=19325 outsize=66 kw= ok=1
Cmd: compileSnippet
  api=1 type=1 insize=19341 outsize=308 kw= ok=1
Cmd: compileSnippet
  api=0 type=1 insize=19328 outsize=6 kw= ok=1
Cmd: compileSnippet
  api=0 type=1 insize=19339 outsize=6 kw= ok=1
Cmd: compileSnippet
  api=0 type=1 insize=19335 outsize=6 kw= ok=1
Cmd: compileSnippet
  api=0 type=1 insize=19345 outsize=6 kw= ok=1
Cmd: compileSnippet
  api=0 type=1 insize=19338 outsize=6 kw= ok=1
Cmd: compileSnippet
  api=0 type=1 insize=19345 outsize=6 kw= ok=1
Cmd: compileSnippet
  api=0 type=1 insize=19333 outsize=6 kw= ok=1
Cmd: compileSnippet
  api=0 type=1 insize=19342 outsize=6 kw= ok=1
Cmd: compileSnippet
  api=0 type=1 insize=19329 outsize=6 kw= ok=1
Cmd: compileSnippet
  api=0 type=1 insize=19344 outsize=6 kw= ok=1
Cmd: compileSnippet
  api=1 type=1 insize=19334 outsize=385 kw= ok=1
Cmd: compileSnippet
  api=8 type=1 insize=1749 outsize=4818 kw= ok=1
Cmd: compileSnippet
  api=0 type=1 insize=5703 outsize=6 kw= ok=1
Cmd: compileSnippet
  api=0 type=1 insize=5697 outsize=6 kw= ok=1
Cmd: compileSnippet
  api=0 type=1 insize=5696 outsize=6 kw= ok=1
Cmd: compileSnippet
  api=0 type=1 insize=5699 outsize=6 kw= ok=1
Cmd: compileSnippet
  api=1 type=1 insize=5699 outsize=4351 kw= ok=1
Cmd: compileSnippet
  api=1 type=1 insize=5701 outsize=158 kw= ok=1
Cmd: compileSnippet
  api=1 type=1 insize=4197 outsize=813 kw= ok=1
Cmd: compileSnippet
  api=0 type=1 insize=3333 outsize=368 kw= ok=1
Cmd: compileSnippet
  api=0 type=1 insize=3341 outsize=569 kw= ok=1
Cmd: compileSnippet
  api=8 type=0 insize=3345 outsize=2909 kw= ok=1
Cmd: compileSnippet
  api=1 type=0 insize=912 outsize=145 kw= ok=1
Cmd: compileSnippet
  api=1 type=1 insize=867 outsize=59 kw= ok=1
Unhandled exception: Readfile from pipe failed. GLE=The pipe has been ended.


Quitting shader compiler process
